Determining if the pthread_create exist failed with the following output:
Change Dir: /home/salka1988/Documents/CG/computer-graphics-1-task1b-01531697/build/cmake/cmake-build-debug/CMakeFiles/CMakeTmp

Run Build Command(s):/usr/bin/make cmTC_a2b28/fast 
/usr/bin/make -f CMakeFiles/cmTC_a2b28.dir/build.make CMakeFiles/cmTC_a2b28.dir/build
make[1]: Entering directory '/home/salka1988/Documents/CG/computer-graphics-1-task1b-01531697/build/cmake/cmake-build-debug/CMakeFiles/CMakeTmp'
Building C object CMakeFiles/cmTC_a2b28.dir/CheckSymbolExists.c.o
/usr/bin/cc    -o CMakeFiles/cmTC_a2b28.dir/CheckSymbolExists.c.o   -c /home/salka1988/Documents/CG/computer-graphics-1-task1b-01531697/build/cmake/cmake-build-debug/CMakeFiles/CMakeTmp/CheckSymbolExists.c
Linking C executable cmTC_a2b28
/snap/clion/69/bin/cmake/linux/bin/cmake -E cmake_link_script CMakeFiles/cmTC_a2b28.dir/link.txt --verbose=1
/usr/bin/cc      -rdynamic CMakeFiles/cmTC_a2b28.dir/CheckSymbolExists.c.o  -o cmTC_a2b28 
CMakeFiles/cmTC_a2b28.dir/CheckSymbolExists.c.o: In function `main':
CheckSymbolExists.c:(.text+0x1b): undefined reference to `pthread_create'
collect2: error: ld returned 1 exit status
CMakeFiles/cmTC_a2b28.dir/build.make:86: recipe for target 'cmTC_a2b28' failed
make[1]: *** [cmTC_a2b28] Error 1
make[1]: Leaving directory '/home/salka1988/Documents/CG/computer-graphics-1-task1b-01531697/build/cmake/cmake-build-debug/CMakeFiles/CMakeTmp'
Makefile:121: recipe for target 'cmTC_a2b28/fast' failed
make: *** [cmTC_a2b28/fast] Error 2

File /home/salka1988/Documents/CG/computer-graphics-1-task1b-01531697/build/cmake/cmake-build-debug/CMakeFiles/CMakeTmp/CheckSymbolExists.c:
/* */
#include <pthread.h>

int main(int argc, char** argv)
{
  (void)argv;
#ifndef pthread_create
  return ((int*)(&pthread_create))[argc];
#else
  (void)argc;
  return 0;
#endif
}

Determining if the function pthread_create exists in the pthreads failed with the following output:
Change Dir: /home/salka1988/Documents/CG/computer-graphics-1-task1b-01531697/build/cmake/cmake-build-debug/CMakeFiles/CMakeTmp

Run Build Command(s):/usr/bin/make cmTC_02b99/fast 
/usr/bin/make -f CMakeFiles/cmTC_02b99.dir/build.make CMakeFiles/cmTC_02b99.dir/build
make[1]: Entering directory '/home/salka1988/Documents/CG/computer-graphics-1-task1b-01531697/build/cmake/cmake-build-debug/CMakeFiles/CMakeTmp'
Building C object CMakeFiles/cmTC_02b99.dir/CheckFunctionExists.c.o
/usr/bin/cc   -DCHECK_FUNCTION_EXISTS=pthread_create   -o CMakeFiles/cmTC_02b99.dir/CheckFunctionExists.c.o   -c /snap/clion/69/bin/cmake/linux/share/cmake-3.14/Modules/CheckFunctionExists.c
Linking C executable cmTC_02b99
/snap/clion/69/bin/cmake/linux/bin/cmake -E cmake_link_script CMakeFiles/cmTC_02b99.dir/link.txt --verbose=1
/usr/bin/cc  -DCHECK_FUNCTION_EXISTS=pthread_create    -rdynamic CMakeFiles/cmTC_02b99.dir/CheckFunctionExists.c.o  -o cmTC_02b99 -lpthreads 
/usr/bin/ld: cannot find -lpthreads
collect2: error: ld returned 1 exit status
CMakeFiles/cmTC_02b99.dir/build.make:86: recipe for target 'cmTC_02b99' failed
make[1]: *** [cmTC_02b99] Error 1
make[1]: Leaving directory '/home/salka1988/Documents/CG/computer-graphics-1-task1b-01531697/build/cmake/cmake-build-debug/CMakeFiles/CMakeTmp'
Makefile:121: recipe for target 'cmTC_02b99/fast' failed
make: *** [cmTC_02b99/fast] Error 2


