Determining if the pthread_create exist failed with the following output:
Change Dir: /home/salka1988/Documents/CG/computer-graphics-1-task1b-01531697/build/bulb/CMakeFiles/CMakeTmp

Run Build Command:"/usr/bin/make" "cmTC_f09dd/fast"
/usr/bin/make -f CMakeFiles/cmTC_f09dd.dir/build.make CMakeFiles/cmTC_f09dd.dir/build
make[1]: Entering directory '/home/salka1988/Documents/CG/computer-graphics-1-task1b-01531697/build/bulb/CMakeFiles/CMakeTmp'
Building C object CMakeFiles/cmTC_f09dd.dir/CheckSymbolExists.c.o
/usr/bin/gcc-8    -o CMakeFiles/cmTC_f09dd.dir/CheckSymbolExists.c.o   -c /home/salka1988/Documents/CG/computer-graphics-1-task1b-01531697/build/bulb/CMakeFiles/CMakeTmp/CheckSymbolExists.c
Linking C executable cmTC_f09dd
/usr/bin/cmake -E cmake_link_script CMakeFiles/cmTC_f09dd.dir/link.txt --verbose=1
/usr/bin/gcc-8      -rdynamic CMakeFiles/cmTC_f09dd.dir/CheckSymbolExists.c.o  -o cmTC_f09dd 
CMakeFiles/cmTC_f09dd.dir/CheckSymbolExists.c.o: In function `main':
CheckSymbolExists.c:(.text+0x1b): undefined reference to `pthread_create'
collect2: error: ld returned 1 exit status
CMakeFiles/cmTC_f09dd.dir/build.make:97: recipe for target 'cmTC_f09dd' failed
make[1]: *** [cmTC_f09dd] Error 1
make[1]: Leaving directory '/home/salka1988/Documents/CG/computer-graphics-1-task1b-01531697/build/bulb/CMakeFiles/CMakeTmp'
Makefile:126: recipe for target 'cmTC_f09dd/fast' failed
make: *** [cmTC_f09dd/fast] Error 2

File /home/salka1988/Documents/CG/computer-graphics-1-task1b-01531697/build/bulb/CMakeFiles/CMakeTmp/CheckSymbolExists.c:
/* */
#include <pthread.h>

int main(int argc, char** argv)
{
  (void)argv;
#ifndef pthread_create
  return ((int*)(&pthread_create))[argc];
#else
  (void)argc;
  return 0;
#endif
}

Determining if the function pthread_create exists in the pthreads failed with the following output:
Change Dir: /home/salka1988/Documents/CG/computer-graphics-1-task1b-01531697/build/bulb/CMakeFiles/CMakeTmp

Run Build Command:"/usr/bin/make" "cmTC_47e03/fast"
/usr/bin/make -f CMakeFiles/cmTC_47e03.dir/build.make CMakeFiles/cmTC_47e03.dir/build
make[1]: Entering directory '/home/salka1988/Documents/CG/computer-graphics-1-task1b-01531697/build/bulb/CMakeFiles/CMakeTmp'
Building C object CMakeFiles/cmTC_47e03.dir/CheckFunctionExists.c.o
/usr/bin/gcc-8   -DCHECK_FUNCTION_EXISTS=pthread_create   -o CMakeFiles/cmTC_47e03.dir/CheckFunctionExists.c.o   -c /usr/share/cmake-3.10/Modules/CheckFunctionExists.c
Linking C executable cmTC_47e03
/usr/bin/cmake -E cmake_link_script CMakeFiles/cmTC_47e03.dir/link.txt --verbose=1
/usr/bin/gcc-8  -DCHECK_FUNCTION_EXISTS=pthread_create    -rdynamic CMakeFiles/cmTC_47e03.dir/CheckFunctionExists.c.o  -o cmTC_47e03 -lpthreads 
/usr/bin/ld: cannot find -lpthreads
collect2: error: ld returned 1 exit status
CMakeFiles/cmTC_47e03.dir/build.make:97: recipe for target 'cmTC_47e03' failed
make[1]: *** [cmTC_47e03] Error 1
make[1]: Leaving directory '/home/salka1988/Documents/CG/computer-graphics-1-task1b-01531697/build/bulb/CMakeFiles/CMakeTmp'
Makefile:126: recipe for target 'cmTC_47e03/fast' failed
make: *** [cmTC_47e03/fast] Error 2


